<?xml version="1.0" encoding="UTF-8"?>
<!-- Generated by org.testng.reporters.JUnitReportReporter -->
<testsuite hostname="LAPTOP-ASE4VAH9" failures="0" tests="1" name="testCases.AddToCartPageTest" time="5.103" errors="0" timestamp="2025-06-07T14:49:46 IST" skipped="0">
  <testcase classname="testCases.AddToCartPageTest" name="verify_addToCart" time="5.103"/>
</testsuite> <!-- testCases.AddToCartPageTest -->
