<?xml version="1.0" encoding="UTF-8"?>
<!-- Generated by org.testng.reporters.JUnitReportReporter -->
<testsuite hostname="LAPTOP-ASE4VAH9" failures="0" tests="2" name="testCases.LoginTest" time="7.984" errors="0" timestamp="2024-12-29T13:02:38 IST" skipped="0">
  <testcase classname="testCases.LoginTest" name="verifylogin" time="4.613"/>
  <testcase classname="testCases.LoginTest" name="verifylogin" time="3.371"/>
</testsuite> <!-- testCases.LoginTest -->
