<?xml version="1.0" encoding="UTF-8"?>
<!-- Generated by org.testng.reporters.JUnitReportReporter -->
<testsuite hostname="LAPTOP-ASE4VAH9" failures="0" tests="2" name="testCases.AccountRegistrationTest" time="13.119" errors="0" timestamp="2024-12-29T13:02:38 IST" skipped="0">
  <testcase classname="testCases.AccountRegistrationTest" name="verifyaccountregistration" time="8.045"/>
  <testcase classname="testCases.AccountRegistrationTest" name="verifyaccountregistration" time="5.074"/>
</testsuite> <!-- testCases.AccountRegistrationTest -->
