<?xml version="1.0" encoding="UTF-8"?>
<!-- Generated by org.testng.reporters.JUnitReportReporter -->
<testsuite hostname="LAPTOP-ASE4VAH9" failures="0" tests="1" name="testCases.SearchProduct" time="1.976" errors="0" timestamp="2025-04-18T08:31:13 IST" skipped="0">
  <testcase classname="testCases.SearchProduct" name="verifysearchproduct" time="1.976"/>
</testsuite> <!-- testCases.SearchProduct -->
