<?xml version="1.0" encoding="UTF-8"?>
<!-- Generated by org.testng.reporters.JUnitReportReporter -->
<testsuite hostname="LAPTOP-ASE4VAH9" failures="0" tests="1" name="testCases.AccountRegistrationTest" time="1.710" errors="0" timestamp="2025-01-04T22:15:52 IST" skipped="0">
  <testcase classname="testCases.AccountRegistrationTest" name="verifyaccountregistration" time="1.710"/>
</testsuite> <!-- testCases.AccountRegistrationTest -->
