<?xml version="1.0" encoding="UTF-8"?>
<!-- Generated by org.testng.reporters.JUnitReportReporter -->
<testsuite hostname="LAPTOP-ASE4VAH9" failures="0" tests="6" name="testCases.LoginDDT" time="46.792" errors="0" timestamp="2025-03-14T10:50:07 IST" skipped="0">
  <testcase classname="testCases.LoginDDT" name="verify_loginDDT" time="10.975"/>
  <testcase classname="testCases.LoginDDT" name="verify_loginDDT" time="10.614"/>
  <testcase classname="testCases.LoginDDT" name="verify_loginDDT" time="11.389"/>
  <testcase classname="testCases.LoginDDT" name="verify_loginDDT" time="1.600"/>
  <testcase classname="testCases.LoginDDT" name="verify_loginDDT" time="1.653"/>
  <testcase classname="testCases.LoginDDT" name="verify_loginDDT" time="10.561"/>
</testsuite> <!-- testCases.LoginDDT -->
