<?xml version="1.0" encoding="UTF-8"?>
<!-- Generated by org.testng.reporters.JUnitReportReporter -->
<testsuite hostname="LAPTOP-ASE4VAH9" failures="0" tests="6" name="testCases.LoginDDT" time="58.210" errors="0" timestamp="2025-05-09T09:39:50 IST" skipped="0">
  <testcase classname="testCases.LoginDDT" name="verify_loginDDT" time="12.684"/>
  <testcase classname="testCases.LoginDDT" name="verify_loginDDT" time="12.246"/>
  <testcase classname="testCases.LoginDDT" name="verify_loginDDT" time="4.062"/>
  <testcase classname="testCases.LoginDDT" name="verify_loginDDT" time="12.573"/>
  <testcase classname="testCases.LoginDDT" name="verify_loginDDT" time="12.549"/>
  <testcase classname="testCases.LoginDDT" name="verify_loginDDT" time="4.096"/>
</testsuite> <!-- testCases.LoginDDT -->
