<?xml version="1.0" encoding="UTF-8"?>
<!-- Generated by org.testng.reporters.JUnitReportReporter -->
<testsuite hostname="LAPTOP-ASE4VAH9" failures="0" tests="6" name="testCases.LoginDDT" time="47.341" errors="0" timestamp="2024-12-07T15:30:09 IST" skipped="0">
  <testcase classname="testCases.LoginDDT" name="verify_loginDDT" time="1.544"/>
  <testcase classname="testCases.LoginDDT" name="verify_loginDDT" time="10.981"/>
  <testcase classname="testCases.LoginDDT" name="verify_loginDDT" time="11.307"/>
  <testcase classname="testCases.LoginDDT" name="verify_loginDDT" time="11.022"/>
  <testcase classname="testCases.LoginDDT" name="verify_loginDDT" time="10.953"/>
  <testcase classname="testCases.LoginDDT" name="verify_loginDDT" time="1.534"/>
</testsuite> <!-- testCases.LoginDDT -->
