<?xml version="1.0" encoding="UTF-8"?>
<!-- Generated by org.testng.reporters.JUnitReportReporter -->
<testsuite hostname="LAPTOP-ASE4VAH9" failures="0" tests="1" name="testCases.SearchProduct" time="2.153" errors="0" timestamp="2025-06-07T13:02:14 IST" skipped="0">
  <testcase classname="testCases.SearchProduct" name="verify_pruductSearch" time="2.153"/>
</testsuite> <!-- testCases.SearchProduct -->
