<?xml version="1.0" encoding="UTF-8"?>
<!-- Generated by org.testng.reporters.JUnitReportReporter -->
<testsuite hostname="LAPTOP-ASE4VAH9" failures="0" tests="1" name="testCases.EndToEndTest" time="61.012" errors="0" timestamp="2025-06-08T11:46:51 IST" skipped="0">
  <testcase classname="testCases.EndToEndTest" name="endToendTest" time="61.012"/>
</testsuite> <!-- testCases.EndToEndTest -->
