<?xml version="1.0" encoding="UTF-8"?>
<!-- Generated by org.testng.reporters.JUnitReportReporter -->
<testsuite hostname="LAPTOP-ASE4VAH9" failures="0" tests="1" name="testCases.LoginTest" time="3.246" errors="0" timestamp="2025-02-09T16:01:35 IST" skipped="0">
  <testcase classname="testCases.LoginTest" name="verifylogin" time="3.246"/>
</testsuite> <!-- testCases.LoginTest -->
